[0.075s] DEBUG:colcon:Command line arguments: ['/usr/bin/colcon', 'build']
[0.075s] DEBUG:colcon:Parsed command line arguments: Namespace(log_base=None, log_level=None, verb_name='build', build_base='build', install_base='install', merge_install=False, symlink_install=False, test_result_base=None, continue_on_error=False, executor='parallel', parallel_workers=16, event_handlers=None, ignore_user_meta=False, metas=['./colcon.meta'], base_paths=['.'], packages_ignore=None, packages_ignore_regex=None, paths=None, packages_up_to=None, packages_up_to_regex=None, packages_above=None, packages_above_and_dependencies=None, packages_above_depth=None, packages_select_by_dep=None, packages_skip_by_dep=None, packages_skip_up_to=None, packages_select_build_failed=False, packages_skip_build_finished=False, packages_select_test_failures=False, packages_skip_test_passed=False, packages_select=None, packages_skip=None, packages_select_regex=None, packages_skip_regex=None, packages_start=None, packages_end=None, allow_overriding=[], cmake_args=None, cmake_target=None, cmake_target_skip_unavailable=False, cmake_clean_cache=False, cmake_clean_first=False, cmake_force_configure=False, ament_cmake_args=None, catkin_cmake_args=None, catkin_skip_building_tests=False, mixin_files=None, mixin=None, verb_parser=<colcon_mixin.mixin.mixin_argument.MixinArgumentDecorator object at 0x7c4fb806b820>, verb_extension=<colcon_core.verb.build.BuildVerb object at 0x7c4fb806b190>, main=<bound method BuildVerb.main of <colcon_core.verb.build.BuildVerb object at 0x7c4fb806b190>>, mixin_verb=('build',))
[0.198s] Level 1:colcon.colcon_core.package_discovery:discover_packages(colcon_meta) check parameters
[0.198s] Level 1:colcon.colcon_core.package_discovery:discover_packages(recursive) check parameters
[0.198s] Level 1:colcon.colcon_core.package_discovery:discover_packages(ignore) check parameters
[0.198s] Level 1:colcon.colcon_core.package_discovery:discover_packages(path) check parameters
[0.198s] Level 1:colcon.colcon_core.package_discovery:discover_packages(colcon_meta) discover
[0.198s] Level 1:colcon.colcon_core.package_discovery:discover_packages(recursive) discover
[0.198s] INFO:colcon.colcon_core.package_discovery:Crawling recursively for packages in '/home/sebab/UR5_potatura/ws'
[0.198s] Level 1:colcon.colcon_core.package_identification:_identify(.) by extensions ['ignore', 'ignore_ament_install']
[0.198s] Level 1:colcon.colcon_core.package_identification:_identify(.) by extension 'ignore'
[0.198s] Level 1:colcon.colcon_core.package_identification:_identify(.) by extension 'ignore_ament_install'
[0.198s] Level 1:colcon.colcon_core.package_identification:_identify(.) by extensions ['colcon_pkg']
[0.198s] Level 1:colcon.colcon_core.package_identification:_identify(.) by extension 'colcon_pkg'
[0.198s] Level 1:colcon.colcon_core.package_identification:_identify(.) by extensions ['colcon_meta']
[0.198s] Level 1:colcon.colcon_core.package_identification:_identify(.) by extension 'colcon_meta'
[0.198s] Level 1:colcon.colcon_core.package_identification:_identify(.) by extensions ['ros']
[0.198s] Level 1:colcon.colcon_core.package_identification:_identify(.) by extension 'ros'
[0.205s] Level 1:colcon.colcon_core.package_identification:_identify(.) by extensions ['cmake', 'python']
[0.205s] Level 1:colcon.colcon_core.package_identification:_identify(.) by extension 'cmake'
[0.205s] Level 1:colcon.colcon_core.package_identification:_identify(.) by extension 'python'
[0.205s] Level 1:colcon.colcon_core.package_identification:_identify(.) by extensions ['python_setup_py']
[0.205s] Level 1:colcon.colcon_core.package_identification:_identify(.) by extension 'python_setup_py'
[0.205s] Level 1:colcon.colcon_core.package_identification:_identify(build) by extensions ['ignore', 'ignore_ament_install']
[0.205s] Level 1:colcon.colcon_core.package_identification:_identify(build) by extension 'ignore'
[0.205s] Level 1:colcon.colcon_core.package_identification:_identify(build) ignored
[0.205s] Level 1:colcon.colcon_core.package_identification:_identify(install) by extensions ['ignore', 'ignore_ament_install']
[0.205s] Level 1:colcon.colcon_core.package_identification:_identify(install) by extension 'ignore'
[0.205s] Level 1:colcon.colcon_core.package_identification:_identify(install) ignored
[0.206s] Level 1:colcon.colcon_core.package_identification:_identify(log) by extensions ['ignore', 'ignore_ament_install']
[0.206s] Level 1:colcon.colcon_core.package_identification:_identify(log) by extension 'ignore'
[0.206s] Level 1:colcon.colcon_core.package_identification:_identify(log) ignored
[0.206s] Level 1:colcon.colcon_core.package_identification:_identify(src) by extensions ['ignore', 'ignore_ament_install']
[0.206s] Level 1:colcon.colcon_core.package_identification:_identify(src) by extension 'ignore'
[0.206s] Level 1:colcon.colcon_core.package_identification:_identify(src) by extension 'ignore_ament_install'
[0.206s] Level 1:colcon.colcon_core.package_identification:_identify(src) by extensions ['colcon_pkg']
[0.206s] Level 1:colcon.colcon_core.package_identification:_identify(src) by extension 'colcon_pkg'
[0.206s] Level 1:colcon.colcon_core.package_identification:_identify(src) by extensions ['colcon_meta']
[0.206s] Level 1:colcon.colcon_core.package_identification:_identify(src) by extension 'colcon_meta'
[0.206s] Level 1:colcon.colcon_core.package_identification:_identify(src) by extensions ['ros']
[0.206s] Level 1:colcon.colcon_core.package_identification:_identify(src) by extension 'ros'
[0.206s] Level 1:colcon.colcon_core.package_identification:_identify(src) by extensions ['cmake', 'python']
[0.206s] Level 1:colcon.colcon_core.package_identification:_identify(src) by extension 'cmake'
[0.206s] Level 1:colcon.colcon_core.package_identification:_identify(src) by extension 'python'
[0.206s] Level 1:colcon.colcon_core.package_identification:_identify(src) by extensions ['python_setup_py']
[0.206s] Level 1:colcon.colcon_core.package_identification:_identify(src) by extension 'python_setup_py'
[0.206s] Level 1:colcon.colcon_core.package_identification:_identify(src/gz_ros2_control) by extensions ['ignore', 'ignore_ament_install']
[0.206s] Level 1:colcon.colcon_core.package_identification:_identify(src/gz_ros2_control) by extension 'ignore'
[0.206s] Level 1:colcon.colcon_core.package_identification:_identify(src/gz_ros2_control) by extension 'ignore_ament_install'
[0.206s] Level 1:colcon.colcon_core.package_identification:_identify(src/gz_ros2_control) by extensions ['colcon_pkg']
[0.206s] Level 1:colcon.colcon_core.package_identification:_identify(src/gz_ros2_control) by extension 'colcon_pkg'
[0.206s] Level 1:colcon.colcon_core.package_identification:_identify(src/gz_ros2_control) by extensions ['colcon_meta']
[0.206s] Level 1:colcon.colcon_core.package_identification:_identify(src/gz_ros2_control) by extension 'colcon_meta'
[0.206s] Level 1:colcon.colcon_core.package_identification:_identify(src/gz_ros2_control) by extensions ['ros']
[0.206s] Level 1:colcon.colcon_core.package_identification:_identify(src/gz_ros2_control) by extension 'ros'
[0.217s] DEBUG:colcon.colcon_core.package_identification:Package 'src/gz_ros2_control' with type 'ros.ament_cmake' and name 'gz_ros2_control'
[0.217s] Level 1:colcon.colcon_core.package_identification:_identify(src/simulation_bringup) by extensions ['ignore', 'ignore_ament_install']
[0.217s] Level 1:colcon.colcon_core.package_identification:_identify(src/simulation_bringup) by extension 'ignore'
[0.217s] Level 1:colcon.colcon_core.package_identification:_identify(src/simulation_bringup) by extension 'ignore_ament_install'
[0.217s] Level 1:colcon.colcon_core.package_identification:_identify(src/simulation_bringup) by extensions ['colcon_pkg']
[0.217s] Level 1:colcon.colcon_core.package_identification:_identify(src/simulation_bringup) by extension 'colcon_pkg'
[0.217s] Level 1:colcon.colcon_core.package_identification:_identify(src/simulation_bringup) by extensions ['colcon_meta']
[0.217s] Level 1:colcon.colcon_core.package_identification:_identify(src/simulation_bringup) by extension 'colcon_meta'
[0.217s] Level 1:colcon.colcon_core.package_identification:_identify(src/simulation_bringup) by extensions ['ros']
[0.218s] Level 1:colcon.colcon_core.package_identification:_identify(src/simulation_bringup) by extension 'ros'
[0.218s] DEBUG:colcon.colcon_core.package_identification:Package 'src/simulation_bringup' with type 'ros.ament_cmake' and name 'simulation_bringup'
[0.218s] Level 1:colcon.colcon_core.package_identification:_identify(src/ur_description) by extensions ['ignore', 'ignore_ament_install']
[0.218s] Level 1:colcon.colcon_core.package_identification:_identify(src/ur_description) by extension 'ignore'
[0.218s] Level 1:colcon.colcon_core.package_identification:_identify(src/ur_description) by extension 'ignore_ament_install'
[0.218s] Level 1:colcon.colcon_core.package_identification:_identify(src/ur_description) by extensions ['colcon_pkg']
[0.218s] Level 1:colcon.colcon_core.package_identification:_identify(src/ur_description) by extension 'colcon_pkg'
[0.218s] Level 1:colcon.colcon_core.package_identification:_identify(src/ur_description) by extensions ['colcon_meta']
[0.218s] Level 1:colcon.colcon_core.package_identification:_identify(src/ur_description) by extension 'colcon_meta'
[0.218s] Level 1:colcon.colcon_core.package_identification:_identify(src/ur_description) by extensions ['ros']
[0.218s] Level 1:colcon.colcon_core.package_identification:_identify(src/ur_description) by extension 'ros'
[0.219s] DEBUG:colcon.colcon_core.package_identification:Package 'src/ur_description' with type 'ros.ament_cmake' and name 'ur_description'
[0.219s] Level 1:colcon.colcon_core.package_discovery:discover_packages(recursive) using defaults
[0.219s] Level 1:colcon.colcon_core.package_discovery:discover_packages(ignore) discover
[0.219s] Level 1:colcon.colcon_core.package_discovery:discover_packages(ignore) using defaults
[0.219s] Level 1:colcon.colcon_core.package_discovery:discover_packages(path) discover
[0.219s] Level 1:colcon.colcon_core.package_discovery:discover_packages(path) using defaults
[0.231s] Level 1:colcon.colcon_core.package_discovery:discover_packages(prefix_path) check parameters
[0.231s] Level 1:colcon.colcon_core.package_discovery:discover_packages(prefix_path) discover
[0.233s] DEBUG:colcon.colcon_installed_package_information.package_discovery:Found 17 installed packages in /home/sebab/ros2_ws/install
[0.234s] DEBUG:colcon.colcon_installed_package_information.package_discovery:Found 400 installed packages in /opt/ros/humble
[0.235s] Level 1:colcon.colcon_core.package_discovery:discover_packages(prefix_path) using defaults
[0.265s] Level 5:colcon.colcon_core.verb:set package 'gz_ros2_control' build argument 'cmake_args' from command line to 'None'
[0.265s] Level 5:colcon.colcon_core.verb:set package 'gz_ros2_control' build argument 'cmake_target' from command line to 'None'
[0.265s] Level 5:colcon.colcon_core.verb:set package 'gz_ros2_control' build argument 'cmake_target_skip_unavailable' from command line to 'False'
[0.265s] Level 5:colcon.colcon_core.verb:set package 'gz_ros2_control' build argument 'cmake_clean_cache' from command line to 'False'
[0.265s] Level 5:colcon.colcon_core.verb:set package 'gz_ros2_control' build argument 'cmake_clean_first' from command line to 'False'
[0.265s] Level 5:colcon.colcon_core.verb:set package 'gz_ros2_control' build argument 'cmake_force_configure' from command line to 'False'
[0.265s] Level 5:colcon.colcon_core.verb:set package 'gz_ros2_control' build argument 'ament_cmake_args' from command line to 'None'
[0.265s] Level 5:colcon.colcon_core.verb:set package 'gz_ros2_control' build argument 'catkin_cmake_args' from command line to 'None'
[0.265s] Level 5:colcon.colcon_core.verb:set package 'gz_ros2_control' build argument 'catkin_skip_building_tests' from command line to 'False'
[0.265s] DEBUG:colcon.colcon_core.verb:Building package 'gz_ros2_control' with the following arguments: {'ament_cmake_args': None, 'build_base': '/home/sebab/UR5_potatura/ws/build/gz_ros2_control', 'catkin_cmake_args': None, 'catkin_skip_building_tests': False, 'cmake_args': None, 'cmake_clean_cache': False, 'cmake_clean_first': False, 'cmake_force_configure': False, 'cmake_target': None, 'cmake_target_skip_unavailable': False, 'install_base': '/home/sebab/UR5_potatura/ws/install/gz_ros2_control', 'merge_install': False, 'path': '/home/sebab/UR5_potatura/ws/src/gz_ros2_control', 'symlink_install': False, 'test_result_base': None}
[0.266s] Level 5:colcon.colcon_core.verb:set package 'simulation_bringup' build argument 'cmake_args' from command line to 'None'
[0.266s] Level 5:colcon.colcon_core.verb:set package 'simulation_bringup' build argument 'cmake_target' from command line to 'None'
[0.266s] Level 5:colcon.colcon_core.verb:set package 'simulation_bringup' build argument 'cmake_target_skip_unavailable' from command line to 'False'
[0.266s] Level 5:colcon.colcon_core.verb:set package 'simulation_bringup' build argument 'cmake_clean_cache' from command line to 'False'
[0.266s] Level 5:colcon.colcon_core.verb:set package 'simulation_bringup' build argument 'cmake_clean_first' from command line to 'False'
[0.266s] Level 5:colcon.colcon_core.verb:set package 'simulation_bringup' build argument 'cmake_force_configure' from command line to 'False'
[0.266s] Level 5:colcon.colcon_core.verb:set package 'simulation_bringup' build argument 'ament_cmake_args' from command line to 'None'
[0.266s] Level 5:colcon.colcon_core.verb:set package 'simulation_bringup' build argument 'catkin_cmake_args' from command line to 'None'
[0.266s] Level 5:colcon.colcon_core.verb:set package 'simulation_bringup' build argument 'catkin_skip_building_tests' from command line to 'False'
[0.266s] DEBUG:colcon.colcon_core.verb:Building package 'simulation_bringup' with the following arguments: {'ament_cmake_args': None, 'build_base': '/home/sebab/UR5_potatura/ws/build/simulation_bringup', 'catkin_cmake_args': None, 'catkin_skip_building_tests': False, 'cmake_args': None, 'cmake_clean_cache': False, 'cmake_clean_first': False, 'cmake_force_configure': False, 'cmake_target': None, 'cmake_target_skip_unavailable': False, 'install_base': '/home/sebab/UR5_potatura/ws/install/simulation_bringup', 'merge_install': False, 'path': '/home/sebab/UR5_potatura/ws/src/simulation_bringup', 'symlink_install': False, 'test_result_base': None}
[0.266s] Level 5:colcon.colcon_core.verb:set package 'ur_description' build argument 'cmake_args' from command line to 'None'
[0.266s] Level 5:colcon.colcon_core.verb:set package 'ur_description' build argument 'cmake_target' from command line to 'None'
[0.266s] Level 5:colcon.colcon_core.verb:set package 'ur_description' build argument 'cmake_target_skip_unavailable' from command line to 'False'
[0.266s] Level 5:colcon.colcon_core.verb:set package 'ur_description' build argument 'cmake_clean_cache' from command line to 'False'
[0.266s] Level 5:colcon.colcon_core.verb:set package 'ur_description' build argument 'cmake_clean_first' from command line to 'False'
[0.266s] Level 5:colcon.colcon_core.verb:set package 'ur_description' build argument 'cmake_force_configure' from command line to 'False'
[0.266s] Level 5:colcon.colcon_core.verb:set package 'ur_description' build argument 'ament_cmake_args' from command line to 'None'
[0.266s] Level 5:colcon.colcon_core.verb:set package 'ur_description' build argument 'catkin_cmake_args' from command line to 'None'
[0.266s] Level 5:colcon.colcon_core.verb:set package 'ur_description' build argument 'catkin_skip_building_tests' from command line to 'False'
[0.266s] DEBUG:colcon.colcon_core.verb:Building package 'ur_description' with the following arguments: {'ament_cmake_args': None, 'build_base': '/home/sebab/UR5_potatura/ws/build/ur_description', 'catkin_cmake_args': None, 'catkin_skip_building_tests': False, 'cmake_args': None, 'cmake_clean_cache': False, 'cmake_clean_first': False, 'cmake_force_configure': False, 'cmake_target': None, 'cmake_target_skip_unavailable': False, 'install_base': '/home/sebab/UR5_potatura/ws/install/ur_description', 'merge_install': False, 'path': '/home/sebab/UR5_potatura/ws/src/ur_description', 'symlink_install': False, 'test_result_base': None}
[0.266s] INFO:colcon.colcon_core.executor:Executing jobs using 'parallel' executor
[0.267s] DEBUG:colcon.colcon_parallel_executor.executor.parallel:run_until_complete
[0.267s] INFO:colcon.colcon_ros.task.ament_cmake.build:Building ROS package in '/home/sebab/UR5_potatura/ws/src/gz_ros2_control' with build type 'ament_cmake'
[0.267s] INFO:colcon.colcon_cmake.task.cmake.build:Building CMake package in '/home/sebab/UR5_potatura/ws/src/gz_ros2_control'
[0.268s] INFO:colcon.colcon_core.plugin_system:Skipping extension 'colcon_core.shell.bat': Not used on non-Windows systems
[0.268s] INFO:colcon.colcon_core.shell:Skip shell extension 'powershell' for command environment: Not usable outside of PowerShell
[0.268s] DEBUG:colcon.colcon_core.shell:Skip shell extension 'dsv' for command environment
[0.271s] INFO:colcon.colcon_ros.task.ament_cmake.build:Building ROS package in '/home/sebab/UR5_potatura/ws/src/simulation_bringup' with build type 'ament_cmake'
[0.271s] INFO:colcon.colcon_cmake.task.cmake.build:Building CMake package in '/home/sebab/UR5_potatura/ws/src/simulation_bringup'
[0.271s] INFO:colcon.colcon_core.shell:Skip shell extension 'powershell' for command environment: Not usable outside of PowerShell
[0.271s] DEBUG:colcon.colcon_core.shell:Skip shell extension 'dsv' for command environment
[0.274s] INFO:colcon.colcon_ros.task.ament_cmake.build:Building ROS package in '/home/sebab/UR5_potatura/ws/src/ur_description' with build type 'ament_cmake'
[0.274s] INFO:colcon.colcon_cmake.task.cmake.build:Building CMake package in '/home/sebab/UR5_potatura/ws/src/ur_description'
[0.274s] INFO:colcon.colcon_core.shell:Skip shell extension 'powershell' for command environment: Not usable outside of PowerShell
[0.274s] DEBUG:colcon.colcon_core.shell:Skip shell extension 'dsv' for command environment
[0.280s] DEBUG:colcon.colcon_core.event_handler.log_command:Invoking command in '/home/sebab/UR5_potatura/ws/build/gz_ros2_control': CMAKE_PREFIX_PATH=${CMAKE_PREFIX_PATH}:/opt/ros/humble /usr/bin/cmake /home/sebab/UR5_potatura/ws/src/gz_ros2_control -DCMAKE_INSTALL_PREFIX=/home/sebab/UR5_potatura/ws/install/gz_ros2_control
[0.281s] DEBUG:colcon.colcon_core.event_handler.log_command:Invoking command in '/home/sebab/UR5_potatura/ws/build/simulation_bringup': CMAKE_PREFIX_PATH=${CMAKE_PREFIX_PATH}:/opt/ros/humble /usr/bin/cmake /home/sebab/UR5_potatura/ws/src/simulation_bringup -DCMAKE_INSTALL_PREFIX=/home/sebab/UR5_potatura/ws/install/simulation_bringup
[0.284s] DEBUG:colcon.colcon_core.event_handler.log_command:Invoking command in '/home/sebab/UR5_potatura/ws/build/ur_description': CMAKE_PREFIX_PATH=${CMAKE_PREFIX_PATH}:/opt/ros/humble /usr/bin/cmake /home/sebab/UR5_potatura/ws/src/ur_description -DCMAKE_INSTALL_PREFIX=/home/sebab/UR5_potatura/ws/install/ur_description
[0.712s] DEBUG:colcon.colcon_core.event_handler.log_command:Invoked command in '/home/sebab/UR5_potatura/ws/build/simulation_bringup' returned '0': CMAKE_PREFIX_PATH=${CMAKE_PREFIX_PATH}:/opt/ros/humble /usr/bin/cmake /home/sebab/UR5_potatura/ws/src/simulation_bringup -DCMAKE_INSTALL_PREFIX=/home/sebab/UR5_potatura/ws/install/simulation_bringup
[0.715s] DEBUG:colcon.colcon_core.event_handler.log_command:Invoking command in '/home/sebab/UR5_potatura/ws/build/simulation_bringup': CMAKE_PREFIX_PATH=${CMAKE_PREFIX_PATH}:/opt/ros/humble /usr/bin/cmake --build /home/sebab/UR5_potatura/ws/build/simulation_bringup -- -j16 -l16
[0.741s] DEBUG:colcon.colcon_core.event_handler.log_command:Invoked command in '/home/sebab/UR5_potatura/ws/build/simulation_bringup' returned '0': CMAKE_PREFIX_PATH=${CMAKE_PREFIX_PATH}:/opt/ros/humble /usr/bin/cmake --build /home/sebab/UR5_potatura/ws/build/simulation_bringup -- -j16 -l16
[0.747s] DEBUG:colcon.colcon_core.event_handler.log_command:Invoking command in '/home/sebab/UR5_potatura/ws/build/simulation_bringup': CMAKE_PREFIX_PATH=${CMAKE_PREFIX_PATH}:/opt/ros/humble /usr/bin/cmake --install /home/sebab/UR5_potatura/ws/build/simulation_bringup
[0.754s] Level 1:colcon.colcon_core.environment:create_environment_scripts_only(simulation_bringup)
[0.755s] DEBUG:colcon.colcon_core.event_handler.log_command:Invoked command in '/home/sebab/UR5_potatura/ws/build/simulation_bringup' returned '0': CMAKE_PREFIX_PATH=${CMAKE_PREFIX_PATH}:/opt/ros/humble /usr/bin/cmake --install /home/sebab/UR5_potatura/ws/build/simulation_bringup
[0.757s] Level 1:colcon.colcon_core.environment:checking '/home/sebab/UR5_potatura/ws/install/simulation_bringup' for CMake module files
[0.757s] Level 1:colcon.colcon_core.environment:checking '/home/sebab/UR5_potatura/ws/install/simulation_bringup' for CMake config files
[0.757s] Level 1:colcon.colcon_core.shell:create_environment_hook('simulation_bringup', 'cmake_prefix_path')
[0.758s] INFO:colcon.colcon_core.shell:Creating environment hook '/home/sebab/UR5_potatura/ws/install/simulation_bringup/share/simulation_bringup/hook/cmake_prefix_path.ps1'
[0.758s] INFO:colcon.colcon_core.shell:Creating environment descriptor '/home/sebab/UR5_potatura/ws/install/simulation_bringup/share/simulation_bringup/hook/cmake_prefix_path.dsv'
[0.759s] INFO:colcon.colcon_core.shell:Creating environment hook '/home/sebab/UR5_potatura/ws/install/simulation_bringup/share/simulation_bringup/hook/cmake_prefix_path.sh'
[0.759s] Level 1:colcon.colcon_core.environment:checking '/home/sebab/UR5_potatura/ws/install/simulation_bringup/bin'
[0.760s] Level 1:colcon.colcon_core.environment:checking '/home/sebab/UR5_potatura/ws/install/simulation_bringup/lib/pkgconfig/simulation_bringup.pc'
[0.760s] Level 1:colcon.colcon_core.environment:checking '/home/sebab/UR5_potatura/ws/install/simulation_bringup/lib/python3.10/site-packages'
[0.760s] Level 1:colcon.colcon_core.environment:checking '/home/sebab/UR5_potatura/ws/install/simulation_bringup/bin'
[0.760s] INFO:colcon.colcon_core.shell:Creating package script '/home/sebab/UR5_potatura/ws/install/simulation_bringup/share/simulation_bringup/package.ps1'
[0.761s] INFO:colcon.colcon_core.shell:Creating package descriptor '/home/sebab/UR5_potatura/ws/install/simulation_bringup/share/simulation_bringup/package.dsv'
[0.762s] INFO:colcon.colcon_core.shell:Creating package script '/home/sebab/UR5_potatura/ws/install/simulation_bringup/share/simulation_bringup/package.sh'
[0.762s] INFO:colcon.colcon_core.shell:Creating package script '/home/sebab/UR5_potatura/ws/install/simulation_bringup/share/simulation_bringup/package.bash'
[0.763s] INFO:colcon.colcon_core.shell:Creating package script '/home/sebab/UR5_potatura/ws/install/simulation_bringup/share/simulation_bringup/package.zsh'
[0.764s] Level 1:colcon.colcon_core.environment:create_file_with_runtime_dependencies(/home/sebab/UR5_potatura/ws/install/simulation_bringup/share/colcon-core/packages/simulation_bringup)
[0.764s] Level 1:colcon.colcon_core.environment:create_environment_scripts_only(simulation_bringup)
[0.765s] Level 1:colcon.colcon_core.environment:checking '/home/sebab/UR5_potatura/ws/install/simulation_bringup' for CMake module files
[0.765s] Level 1:colcon.colcon_core.environment:checking '/home/sebab/UR5_potatura/ws/install/simulation_bringup' for CMake config files
[0.765s] Level 1:colcon.colcon_core.shell:create_environment_hook('simulation_bringup', 'cmake_prefix_path')
[0.765s] INFO:colcon.colcon_core.shell:Creating environment hook '/home/sebab/UR5_potatura/ws/install/simulation_bringup/share/simulation_bringup/hook/cmake_prefix_path.ps1'
[0.766s] INFO:colcon.colcon_core.shell:Creating environment descriptor '/home/sebab/UR5_potatura/ws/install/simulation_bringup/share/simulation_bringup/hook/cmake_prefix_path.dsv'
[0.766s] INFO:colcon.colcon_core.shell:Creating environment hook '/home/sebab/UR5_potatura/ws/install/simulation_bringup/share/simulation_bringup/hook/cmake_prefix_path.sh'
[0.767s] Level 1:colcon.colcon_core.environment:checking '/home/sebab/UR5_potatura/ws/install/simulation_bringup/bin'
[0.767s] Level 1:colcon.colcon_core.environment:checking '/home/sebab/UR5_potatura/ws/install/simulation_bringup/lib/pkgconfig/simulation_bringup.pc'
[0.767s] Level 1:colcon.colcon_core.environment:checking '/home/sebab/UR5_potatura/ws/install/simulation_bringup/lib/python3.10/site-packages'
[0.767s] Level 1:colcon.colcon_core.environment:checking '/home/sebab/UR5_potatura/ws/install/simulation_bringup/bin'
[0.767s] INFO:colcon.colcon_core.shell:Creating package script '/home/sebab/UR5_potatura/ws/install/simulation_bringup/share/simulation_bringup/package.ps1'
[0.768s] INFO:colcon.colcon_core.shell:Creating package descriptor '/home/sebab/UR5_potatura/ws/install/simulation_bringup/share/simulation_bringup/package.dsv'
[0.768s] INFO:colcon.colcon_core.shell:Creating package script '/home/sebab/UR5_potatura/ws/install/simulation_bringup/share/simulation_bringup/package.sh'
[0.769s] INFO:colcon.colcon_core.shell:Creating package script '/home/sebab/UR5_potatura/ws/install/simulation_bringup/share/simulation_bringup/package.bash'
[0.769s] INFO:colcon.colcon_core.shell:Creating package script '/home/sebab/UR5_potatura/ws/install/simulation_bringup/share/simulation_bringup/package.zsh'
[0.770s] Level 1:colcon.colcon_core.environment:create_file_with_runtime_dependencies(/home/sebab/UR5_potatura/ws/install/simulation_bringup/share/colcon-core/packages/simulation_bringup)
[1.098s] DEBUG:colcon.colcon_core.event_handler.log_command:Invoked command in '/home/sebab/UR5_potatura/ws/build/ur_description' returned '0': CMAKE_PREFIX_PATH=${CMAKE_PREFIX_PATH}:/opt/ros/humble /usr/bin/cmake /home/sebab/UR5_potatura/ws/src/ur_description -DCMAKE_INSTALL_PREFIX=/home/sebab/UR5_potatura/ws/install/ur_description
[1.099s] DEBUG:colcon.colcon_core.event_handler.log_command:Invoking command in '/home/sebab/UR5_potatura/ws/build/ur_description': CMAKE_PREFIX_PATH=${CMAKE_PREFIX_PATH}:/opt/ros/humble /usr/bin/cmake --build /home/sebab/UR5_potatura/ws/build/ur_description -- -j16 -l16
[1.124s] DEBUG:colcon.colcon_core.event_handler.log_command:Invoked command in '/home/sebab/UR5_potatura/ws/build/ur_description' returned '0': CMAKE_PREFIX_PATH=${CMAKE_PREFIX_PATH}:/opt/ros/humble /usr/bin/cmake --build /home/sebab/UR5_potatura/ws/build/ur_description -- -j16 -l16
[1.125s] DEBUG:colcon.colcon_core.event_handler.log_command:Invoking command in '/home/sebab/UR5_potatura/ws/build/ur_description': CMAKE_PREFIX_PATH=${CMAKE_PREFIX_PATH}:/opt/ros/humble /usr/bin/cmake --install /home/sebab/UR5_potatura/ws/build/ur_description
[1.177s] Level 1:colcon.colcon_core.environment:create_environment_scripts_only(ur_description)
[1.177s] Level 1:colcon.colcon_core.environment:checking '/home/sebab/UR5_potatura/ws/install/ur_description' for CMake module files
[1.177s] DEBUG:colcon.colcon_core.event_handler.log_command:Invoked command in '/home/sebab/UR5_potatura/ws/build/ur_description' returned '0': CMAKE_PREFIX_PATH=${CMAKE_PREFIX_PATH}:/opt/ros/humble /usr/bin/cmake --install /home/sebab/UR5_potatura/ws/build/ur_description
[1.178s] Level 1:colcon.colcon_core.environment:checking '/home/sebab/UR5_potatura/ws/install/ur_description' for CMake config files
[1.178s] Level 1:colcon.colcon_core.shell:create_environment_hook('ur_description', 'cmake_prefix_path')
[1.178s] INFO:colcon.colcon_core.shell:Creating environment hook '/home/sebab/UR5_potatura/ws/install/ur_description/share/ur_description/hook/cmake_prefix_path.ps1'
[1.179s] INFO:colcon.colcon_core.shell:Creating environment descriptor '/home/sebab/UR5_potatura/ws/install/ur_description/share/ur_description/hook/cmake_prefix_path.dsv'
[1.179s] INFO:colcon.colcon_core.shell:Creating environment hook '/home/sebab/UR5_potatura/ws/install/ur_description/share/ur_description/hook/cmake_prefix_path.sh'
[1.179s] Level 1:colcon.colcon_core.environment:checking '/home/sebab/UR5_potatura/ws/install/ur_description/bin'
[1.179s] Level 1:colcon.colcon_core.environment:checking '/home/sebab/UR5_potatura/ws/install/ur_description/lib/pkgconfig/ur_description.pc'
[1.179s] Level 1:colcon.colcon_core.environment:checking '/home/sebab/UR5_potatura/ws/install/ur_description/lib/python3.10/site-packages'
[1.179s] Level 1:colcon.colcon_core.environment:checking '/home/sebab/UR5_potatura/ws/install/ur_description/bin'
[1.180s] INFO:colcon.colcon_core.shell:Creating package script '/home/sebab/UR5_potatura/ws/install/ur_description/share/ur_description/package.ps1'
[1.180s] INFO:colcon.colcon_core.shell:Creating package descriptor '/home/sebab/UR5_potatura/ws/install/ur_description/share/ur_description/package.dsv'
[1.180s] INFO:colcon.colcon_core.shell:Creating package script '/home/sebab/UR5_potatura/ws/install/ur_description/share/ur_description/package.sh'
[1.180s] INFO:colcon.colcon_core.shell:Creating package script '/home/sebab/UR5_potatura/ws/install/ur_description/share/ur_description/package.bash'
[1.181s] INFO:colcon.colcon_core.shell:Creating package script '/home/sebab/UR5_potatura/ws/install/ur_description/share/ur_description/package.zsh'
[1.181s] Level 1:colcon.colcon_core.environment:create_file_with_runtime_dependencies(/home/sebab/UR5_potatura/ws/install/ur_description/share/colcon-core/packages/ur_description)
[1.181s] Level 1:colcon.colcon_core.environment:create_environment_scripts_only(ur_description)
[1.181s] Level 1:colcon.colcon_core.environment:checking '/home/sebab/UR5_potatura/ws/install/ur_description' for CMake module files
[1.181s] Level 1:colcon.colcon_core.environment:checking '/home/sebab/UR5_potatura/ws/install/ur_description' for CMake config files
[1.182s] Level 1:colcon.colcon_core.shell:create_environment_hook('ur_description', 'cmake_prefix_path')
[1.182s] INFO:colcon.colcon_core.shell:Creating environment hook '/home/sebab/UR5_potatura/ws/install/ur_description/share/ur_description/hook/cmake_prefix_path.ps1'
[1.182s] INFO:colcon.colcon_core.shell:Creating environment descriptor '/home/sebab/UR5_potatura/ws/install/ur_description/share/ur_description/hook/cmake_prefix_path.dsv'
[1.182s] INFO:colcon.colcon_core.shell:Creating environment hook '/home/sebab/UR5_potatura/ws/install/ur_description/share/ur_description/hook/cmake_prefix_path.sh'
[1.183s] Level 1:colcon.colcon_core.environment:checking '/home/sebab/UR5_potatura/ws/install/ur_description/bin'
[1.183s] Level 1:colcon.colcon_core.environment:checking '/home/sebab/UR5_potatura/ws/install/ur_description/lib/pkgconfig/ur_description.pc'
[1.183s] Level 1:colcon.colcon_core.environment:checking '/home/sebab/UR5_potatura/ws/install/ur_description/lib/python3.10/site-packages'
[1.183s] Level 1:colcon.colcon_core.environment:checking '/home/sebab/UR5_potatura/ws/install/ur_description/bin'
[1.183s] INFO:colcon.colcon_core.shell:Creating package script '/home/sebab/UR5_potatura/ws/install/ur_description/share/ur_description/package.ps1'
[1.183s] INFO:colcon.colcon_core.shell:Creating package descriptor '/home/sebab/UR5_potatura/ws/install/ur_description/share/ur_description/package.dsv'
[1.184s] INFO:colcon.colcon_core.shell:Creating package script '/home/sebab/UR5_potatura/ws/install/ur_description/share/ur_description/package.sh'
[1.184s] INFO:colcon.colcon_core.shell:Creating package script '/home/sebab/UR5_potatura/ws/install/ur_description/share/ur_description/package.bash'
[1.184s] INFO:colcon.colcon_core.shell:Creating package script '/home/sebab/UR5_potatura/ws/install/ur_description/share/ur_description/package.zsh'
[1.184s] Level 1:colcon.colcon_core.environment:create_file_with_runtime_dependencies(/home/sebab/UR5_potatura/ws/install/ur_description/share/colcon-core/packages/ur_description)
[2.096s] DEBUG:colcon.colcon_core.event_handler.log_command:Invoked command in '/home/sebab/UR5_potatura/ws/build/gz_ros2_control' returned '0': CMAKE_PREFIX_PATH=${CMAKE_PREFIX_PATH}:/opt/ros/humble /usr/bin/cmake /home/sebab/UR5_potatura/ws/src/gz_ros2_control -DCMAKE_INSTALL_PREFIX=/home/sebab/UR5_potatura/ws/install/gz_ros2_control
[2.097s] DEBUG:colcon.colcon_core.event_handler.log_command:Invoking command in '/home/sebab/UR5_potatura/ws/build/gz_ros2_control': CMAKE_PREFIX_PATH=${CMAKE_PREFIX_PATH}:/opt/ros/humble /usr/bin/cmake --build /home/sebab/UR5_potatura/ws/build/gz_ros2_control -- -j16 -l16
[11.049s] DEBUG:colcon.colcon_core.event_handler.log_command:Invoked command in '/home/sebab/UR5_potatura/ws/build/gz_ros2_control' returned '0': CMAKE_PREFIX_PATH=${CMAKE_PREFIX_PATH}:/opt/ros/humble /usr/bin/cmake --build /home/sebab/UR5_potatura/ws/build/gz_ros2_control -- -j16 -l16
[11.049s] DEBUG:colcon.colcon_core.event_handler.log_command:Invoking command in '/home/sebab/UR5_potatura/ws/build/gz_ros2_control': CMAKE_PREFIX_PATH=${CMAKE_PREFIX_PATH}:/opt/ros/humble /usr/bin/cmake --install /home/sebab/UR5_potatura/ws/build/gz_ros2_control
[11.063s] Level 1:colcon.colcon_core.environment:create_environment_scripts_only(gz_ros2_control)
[11.063s] Level 1:colcon.colcon_core.environment:checking '/home/sebab/UR5_potatura/ws/install/gz_ros2_control' for CMake module files
[11.063s] DEBUG:colcon.colcon_core.event_handler.log_command:Invoked command in '/home/sebab/UR5_potatura/ws/build/gz_ros2_control' returned '0': CMAKE_PREFIX_PATH=${CMAKE_PREFIX_PATH}:/opt/ros/humble /usr/bin/cmake --install /home/sebab/UR5_potatura/ws/build/gz_ros2_control
[11.064s] Level 1:colcon.colcon_core.environment:checking '/home/sebab/UR5_potatura/ws/install/gz_ros2_control' for CMake config files
[11.064s] Level 1:colcon.colcon_core.shell:create_environment_hook('gz_ros2_control', 'cmake_prefix_path')
[11.064s] INFO:colcon.colcon_core.shell:Creating environment hook '/home/sebab/UR5_potatura/ws/install/gz_ros2_control/share/gz_ros2_control/hook/cmake_prefix_path.ps1'
[11.064s] INFO:colcon.colcon_core.shell:Creating environment descriptor '/home/sebab/UR5_potatura/ws/install/gz_ros2_control/share/gz_ros2_control/hook/cmake_prefix_path.dsv'
[11.064s] INFO:colcon.colcon_core.shell:Creating environment hook '/home/sebab/UR5_potatura/ws/install/gz_ros2_control/share/gz_ros2_control/hook/cmake_prefix_path.sh'
[11.065s] Level 1:colcon.colcon_core.environment:checking '/home/sebab/UR5_potatura/ws/install/gz_ros2_control/lib'
[11.065s] Level 1:colcon.colcon_core.shell:create_environment_hook('gz_ros2_control', 'ld_library_path_lib')
[11.065s] INFO:colcon.colcon_core.shell:Creating environment hook '/home/sebab/UR5_potatura/ws/install/gz_ros2_control/share/gz_ros2_control/hook/ld_library_path_lib.ps1'
[11.065s] INFO:colcon.colcon_core.shell:Creating environment descriptor '/home/sebab/UR5_potatura/ws/install/gz_ros2_control/share/gz_ros2_control/hook/ld_library_path_lib.dsv'
[11.065s] INFO:colcon.colcon_core.shell:Creating environment hook '/home/sebab/UR5_potatura/ws/install/gz_ros2_control/share/gz_ros2_control/hook/ld_library_path_lib.sh'
[11.065s] Level 1:colcon.colcon_core.environment:checking '/home/sebab/UR5_potatura/ws/install/gz_ros2_control/bin'
[11.066s] Level 1:colcon.colcon_core.environment:checking '/home/sebab/UR5_potatura/ws/install/gz_ros2_control/lib/pkgconfig/gz_ros2_control.pc'
[11.066s] Level 1:colcon.colcon_core.environment:checking '/home/sebab/UR5_potatura/ws/install/gz_ros2_control/lib/python3.10/site-packages'
[11.066s] Level 1:colcon.colcon_core.environment:checking '/home/sebab/UR5_potatura/ws/install/gz_ros2_control/bin'
[11.066s] INFO:colcon.colcon_core.shell:Creating package script '/home/sebab/UR5_potatura/ws/install/gz_ros2_control/share/gz_ros2_control/package.ps1'
[11.066s] INFO:colcon.colcon_core.shell:Creating package descriptor '/home/sebab/UR5_potatura/ws/install/gz_ros2_control/share/gz_ros2_control/package.dsv'
[11.066s] INFO:colcon.colcon_core.shell:Creating package script '/home/sebab/UR5_potatura/ws/install/gz_ros2_control/share/gz_ros2_control/package.sh'
[11.067s] INFO:colcon.colcon_core.shell:Creating package script '/home/sebab/UR5_potatura/ws/install/gz_ros2_control/share/gz_ros2_control/package.bash'
[11.067s] INFO:colcon.colcon_core.shell:Creating package script '/home/sebab/UR5_potatura/ws/install/gz_ros2_control/share/gz_ros2_control/package.zsh'
[11.067s] Level 1:colcon.colcon_core.environment:create_file_with_runtime_dependencies(/home/sebab/UR5_potatura/ws/install/gz_ros2_control/share/colcon-core/packages/gz_ros2_control)
[11.067s] Level 1:colcon.colcon_core.environment:create_environment_scripts_only(gz_ros2_control)
[11.067s] Level 1:colcon.colcon_core.environment:checking '/home/sebab/UR5_potatura/ws/install/gz_ros2_control' for CMake module files
[11.068s] Level 1:colcon.colcon_core.environment:checking '/home/sebab/UR5_potatura/ws/install/gz_ros2_control' for CMake config files
[11.068s] Level 1:colcon.colcon_core.shell:create_environment_hook('gz_ros2_control', 'cmake_prefix_path')
[11.068s] INFO:colcon.colcon_core.shell:Creating environment hook '/home/sebab/UR5_potatura/ws/install/gz_ros2_control/share/gz_ros2_control/hook/cmake_prefix_path.ps1'
[11.068s] INFO:colcon.colcon_core.shell:Creating environment descriptor '/home/sebab/UR5_potatura/ws/install/gz_ros2_control/share/gz_ros2_control/hook/cmake_prefix_path.dsv'
[11.068s] INFO:colcon.colcon_core.shell:Creating environment hook '/home/sebab/UR5_potatura/ws/install/gz_ros2_control/share/gz_ros2_control/hook/cmake_prefix_path.sh'
[11.069s] Level 1:colcon.colcon_core.environment:checking '/home/sebab/UR5_potatura/ws/install/gz_ros2_control/lib'
[11.069s] Level 1:colcon.colcon_core.shell:create_environment_hook('gz_ros2_control', 'ld_library_path_lib')
[11.069s] INFO:colcon.colcon_core.shell:Creating environment hook '/home/sebab/UR5_potatura/ws/install/gz_ros2_control/share/gz_ros2_control/hook/ld_library_path_lib.ps1'
[11.069s] INFO:colcon.colcon_core.shell:Creating environment descriptor '/home/sebab/UR5_potatura/ws/install/gz_ros2_control/share/gz_ros2_control/hook/ld_library_path_lib.dsv'
[11.069s] INFO:colcon.colcon_core.shell:Creating environment hook '/home/sebab/UR5_potatura/ws/install/gz_ros2_control/share/gz_ros2_control/hook/ld_library_path_lib.sh'
[11.069s] Level 1:colcon.colcon_core.environment:checking '/home/sebab/UR5_potatura/ws/install/gz_ros2_control/bin'
[11.069s] Level 1:colcon.colcon_core.environment:checking '/home/sebab/UR5_potatura/ws/install/gz_ros2_control/lib/pkgconfig/gz_ros2_control.pc'
[11.070s] Level 1:colcon.colcon_core.environment:checking '/home/sebab/UR5_potatura/ws/install/gz_ros2_control/lib/python3.10/site-packages'
[11.070s] Level 1:colcon.colcon_core.environment:checking '/home/sebab/UR5_potatura/ws/install/gz_ros2_control/bin'
[11.070s] INFO:colcon.colcon_core.shell:Creating package script '/home/sebab/UR5_potatura/ws/install/gz_ros2_control/share/gz_ros2_control/package.ps1'
[11.070s] INFO:colcon.colcon_core.shell:Creating package descriptor '/home/sebab/UR5_potatura/ws/install/gz_ros2_control/share/gz_ros2_control/package.dsv'
[11.070s] INFO:colcon.colcon_core.shell:Creating package script '/home/sebab/UR5_potatura/ws/install/gz_ros2_control/share/gz_ros2_control/package.sh'
[11.071s] INFO:colcon.colcon_core.shell:Creating package script '/home/sebab/UR5_potatura/ws/install/gz_ros2_control/share/gz_ros2_control/package.bash'
[11.071s] INFO:colcon.colcon_core.shell:Creating package script '/home/sebab/UR5_potatura/ws/install/gz_ros2_control/share/gz_ros2_control/package.zsh'
[11.071s] Level 1:colcon.colcon_core.environment:create_file_with_runtime_dependencies(/home/sebab/UR5_potatura/ws/install/gz_ros2_control/share/colcon-core/packages/gz_ros2_control)
[11.071s] DEBUG:colcon.colcon_parallel_executor.executor.parallel:closing loop
[11.071s] DEBUG:colcon.colcon_parallel_executor.executor.parallel:loop closed
[11.071s] DEBUG:colcon.colcon_parallel_executor.executor.parallel:run_until_complete finished with '0'
[11.071s] DEBUG:colcon.colcon_core.event_reactor:joining thread
[11.075s] INFO:colcon.colcon_core.plugin_system:Skipping extension 'colcon_notification.desktop_notification.terminal_notifier': Not used on non-Darwin systems
[11.075s] INFO:colcon.colcon_core.plugin_system:Skipping extension 'colcon_notification.desktop_notification.win32': Not used on non-Windows systems
[11.075s] INFO:colcon.colcon_notification.desktop_notification:Sending desktop notification using 'notify2'
[11.084s] DEBUG:colcon.colcon_core.event_reactor:joined thread
[11.084s] INFO:colcon.colcon_core.shell:Creating prefix script '/home/sebab/UR5_potatura/ws/install/local_setup.ps1'
[11.085s] INFO:colcon.colcon_core.shell:Creating prefix util module '/home/sebab/UR5_potatura/ws/install/_local_setup_util_ps1.py'
[11.086s] INFO:colcon.colcon_core.shell:Creating prefix chain script '/home/sebab/UR5_potatura/ws/install/setup.ps1'
[11.086s] INFO:colcon.colcon_core.shell:Creating prefix script '/home/sebab/UR5_potatura/ws/install/local_setup.sh'
[11.087s] INFO:colcon.colcon_core.shell:Creating prefix util module '/home/sebab/UR5_potatura/ws/install/_local_setup_util_sh.py'
[11.087s] INFO:colcon.colcon_core.shell:Creating prefix chain script '/home/sebab/UR5_potatura/ws/install/setup.sh'
[11.088s] INFO:colcon.colcon_core.shell:Creating prefix script '/home/sebab/UR5_potatura/ws/install/local_setup.bash'
[11.088s] INFO:colcon.colcon_core.shell:Creating prefix chain script '/home/sebab/UR5_potatura/ws/install/setup.bash'
[11.089s] INFO:colcon.colcon_core.shell:Creating prefix script '/home/sebab/UR5_potatura/ws/install/local_setup.zsh'
[11.089s] INFO:colcon.colcon_core.shell:Creating prefix chain script '/home/sebab/UR5_potatura/ws/install/setup.zsh'
