[0.007s] Invoking command in '/home/sebab/ros2_ws/build/ur_simulation_gz': CMAKE_PREFIX_PATH=/opt/ros/humble /usr/bin/cmake /home/sebab/ros2_ws/src/ur_simulation_gz -DAMENT_CMAKE_SYMLINK_INSTALL=1 -DCMAKE_INSTALL_PREFIX=/home/sebab/ros2_ws/install/ur_simulation_gz
[0.086s] -- The C compiler identification is GNU 11.4.0
[0.138s] -- The CXX compiler identification is GNU 11.4.0
[0.145s] -- Detecting C compiler ABI info
[0.188s] -- Detecting C compiler ABI info - done
[0.192s] -- Check for working C compiler: /usr/bin/cc - skipped
[0.192s] -- Detecting C compile features
[0.193s] -- Detecting C compile features - done
[0.195s] -- Detecting CXX compiler ABI info
[0.245s] -- Detecting CXX compiler ABI info - done
[0.250s] -- Check for working CXX compiler: /usr/bin/c++ - skipped
[0.250s] -- Detecting CXX compile features
[0.250s] -- Detecting CXX compile features - done
[0.254s] -- Found ament_cmake: 1.3.11 (/opt/ros/humble/share/ament_cmake/cmake)
[0.347s] -- Found Python3: /usr/bin/python3 (found version "3.10.12") found components: Interpreter 
[0.388s] -- Override CMake install command with custom implementation using symlinks instead of copying resources
[0.417s] -- Found launch_testing_ament_cmake: 1.0.8 (/opt/ros/humble/share/launch_testing_ament_cmake/cmake)
[0.418s] -- Found python_cmake_module: 0.10.0 (/opt/ros/humble/share/python_cmake_module/cmake)
[0.431s] -- Found PythonInterp: /usr/bin/python3 (found suitable version "3.10.12", minimum required is "3.6") 
[0.444s] -- Found PythonLibs: /usr/lib/x86_64-linux-gnu/libpython3.10.so (found suitable version "3.10.12", minimum required is "3.5") 
[0.444s] -- Using PYTHON_EXECUTABLE: /usr/bin/python3
[0.444s] -- Using PYTHON_INCLUDE_DIRS: /usr/include/python3.10
[0.444s] -- Using PYTHON_LIBRARIES: /usr/lib/x86_64-linux-gnu/libpython3.10.so
[0.457s] -- Found PythonExtra: .so  
[0.458s] -- Found ament_cmake_pytest: 1.3.11 (/opt/ros/humble/share/ament_cmake_pytest/cmake)
[0.498s] -- Configuring done
[0.500s] -- Generating done
[0.501s] -- Build files have been written to: /home/sebab/ros2_ws/build/ur_simulation_gz
[0.505s] Invoked command in '/home/sebab/ros2_ws/build/ur_simulation_gz' returned '0': CMAKE_PREFIX_PATH=/opt/ros/humble /usr/bin/cmake /home/sebab/ros2_ws/src/ur_simulation_gz -DAMENT_CMAKE_SYMLINK_INSTALL=1 -DCMAKE_INSTALL_PREFIX=/home/sebab/ros2_ws/install/ur_simulation_gz
[0.506s] Invoking command in '/home/sebab/ros2_ws/build/ur_simulation_gz': CMAKE_PREFIX_PATH=/opt/ros/humble /usr/bin/cmake --build /home/sebab/ros2_ws/build/ur_simulation_gz -- -j16 -l16
[0.528s] Invoked command in '/home/sebab/ros2_ws/build/ur_simulation_gz' returned '0': CMAKE_PREFIX_PATH=/opt/ros/humble /usr/bin/cmake --build /home/sebab/ros2_ws/build/ur_simulation_gz -- -j16 -l16
[0.533s] Invoking command in '/home/sebab/ros2_ws/build/ur_simulation_gz': CMAKE_PREFIX_PATH=/opt/ros/humble /usr/bin/cmake --install /home/sebab/ros2_ws/build/ur_simulation_gz
[0.537s] -- Install configuration: ""
[0.537s] -- Execute custom install script
[0.538s] -- Symlinking: /home/sebab/ros2_ws/install/ur_simulation_gz/share/ur_simulation_gz/config/ur_controllers.yaml
[0.542s] -- Symlinking: /home/sebab/ros2_ws/install/ur_simulation_gz/share/ur_simulation_gz/launch/ur_sim_control.launch.py
[0.546s] -- Symlinking: /home/sebab/ros2_ws/install/ur_simulation_gz/share/ur_simulation_gz/launch/ur_sim_moveit.launch.py
[0.551s] -- Symlinking: /home/sebab/ros2_ws/install/ur_simulation_gz/share/ament_index/resource_index/package_run_dependencies/ur_simulation_gz
[0.555s] -- Symlinking: /home/sebab/ros2_ws/install/ur_simulation_gz/share/ament_index/resource_index/parent_prefix_path/ur_simulation_gz
[0.560s] -- Symlinking: /home/sebab/ros2_ws/install/ur_simulation_gz/share/ur_simulation_gz/environment/ament_prefix_path.sh
[0.564s] -- Symlinking: /home/sebab/ros2_ws/install/ur_simulation_gz/share/ur_simulation_gz/environment/ament_prefix_path.dsv
[0.568s] -- Symlinking: /home/sebab/ros2_ws/install/ur_simulation_gz/share/ur_simulation_gz/environment/path.sh
[0.572s] -- Symlinking: /home/sebab/ros2_ws/install/ur_simulation_gz/share/ur_simulation_gz/environment/path.dsv
[0.577s] -- Symlinking: /home/sebab/ros2_ws/install/ur_simulation_gz/share/ur_simulation_gz/local_setup.bash
[0.581s] -- Symlinking: /home/sebab/ros2_ws/install/ur_simulation_gz/share/ur_simulation_gz/local_setup.sh
[0.585s] -- Symlinking: /home/sebab/ros2_ws/install/ur_simulation_gz/share/ur_simulation_gz/local_setup.zsh
[0.589s] -- Symlinking: /home/sebab/ros2_ws/install/ur_simulation_gz/share/ur_simulation_gz/local_setup.dsv
[0.594s] -- Symlinking: /home/sebab/ros2_ws/install/ur_simulation_gz/share/ur_simulation_gz/package.dsv
[0.598s] -- Symlinking: /home/sebab/ros2_ws/install/ur_simulation_gz/share/ament_index/resource_index/packages/ur_simulation_gz
[0.603s] -- Symlinking: /home/sebab/ros2_ws/install/ur_simulation_gz/share/ur_simulation_gz/cmake/ur_simulation_gzConfig.cmake
[0.608s] -- Symlinking: /home/sebab/ros2_ws/install/ur_simulation_gz/share/ur_simulation_gz/cmake/ur_simulation_gzConfig-version.cmake
[0.613s] -- Symlinking: /home/sebab/ros2_ws/install/ur_simulation_gz/share/ur_simulation_gz/package.xml
[0.619s] Invoked command in '/home/sebab/ros2_ws/build/ur_simulation_gz' returned '0': CMAKE_PREFIX_PATH=/opt/ros/humble /usr/bin/cmake --install /home/sebab/ros2_ws/build/ur_simulation_gz
